mode: atomic
github.com/webliupeng/gin-tonic/helpers/delete.go:10.42,11.30 1 1
github.com/webliupeng/gin-tonic/helpers/delete.go:11.30,13.49 2 1
github.com/webliupeng/gin-tonic/helpers/delete.go:13.49,16.4 1 1
github.com/webliupeng/gin-tonic/helpers/delete.go:16.9,18.4 1 0
github.com/webliupeng/gin-tonic/helpers/list.go:22.50,23.45 1 1
github.com/webliupeng/gin-tonic/helpers/list.go:30.2,30.10 1 1
github.com/webliupeng/gin-tonic/helpers/list.go:23.45,24.39 1 1
github.com/webliupeng/gin-tonic/helpers/list.go:24.39,26.4 1 0
github.com/webliupeng/gin-tonic/helpers/list.go:26.9,28.4 1 1
github.com/webliupeng/gin-tonic/helpers/list.go:34.83,35.30 1 2
github.com/webliupeng/gin-tonic/helpers/list.go:35.30,47.45 8 5
github.com/webliupeng/gin-tonic/helpers/list.go:51.3,52.54 1 5
github.com/webliupeng/gin-tonic/helpers/list.go:75.3,75.42 1 5
github.com/webliupeng/gin-tonic/helpers/list.go:86.3,86.46 1 5
github.com/webliupeng/gin-tonic/helpers/list.go:92.3,93.55 2 5
github.com/webliupeng/gin-tonic/helpers/list.go:99.3,101.22 3 5
github.com/webliupeng/gin-tonic/helpers/list.go:104.3,104.17 1 5
github.com/webliupeng/gin-tonic/helpers/list.go:108.3,108.18 1 5
github.com/webliupeng/gin-tonic/helpers/list.go:112.3,122.5 4 5
github.com/webliupeng/gin-tonic/helpers/list.go:47.45,49.4 1 5
github.com/webliupeng/gin-tonic/helpers/list.go:52.54,54.5 1 1
github.com/webliupeng/gin-tonic/helpers/list.go:55.55,57.5 1 0
github.com/webliupeng/gin-tonic/helpers/list.go:58.54,60.5 1 1
github.com/webliupeng/gin-tonic/helpers/list.go:61.55,63.5 1 0
github.com/webliupeng/gin-tonic/helpers/list.go:64.54,66.5 1 0
github.com/webliupeng/gin-tonic/helpers/list.go:67.55,69.5 1 0
github.com/webliupeng/gin-tonic/helpers/list.go:70.56,72.5 1 1
github.com/webliupeng/gin-tonic/helpers/list.go:75.42,76.39 1 15
github.com/webliupeng/gin-tonic/helpers/list.go:76.39,77.68 1 95
github.com/webliupeng/gin-tonic/helpers/list.go:77.68,81.11 4 3
github.com/webliupeng/gin-tonic/helpers/list.go:86.46,90.4 3 1
github.com/webliupeng/gin-tonic/helpers/list.go:93.55,94.55 1 1
github.com/webliupeng/gin-tonic/helpers/list.go:94.55,96.5 1 1
github.com/webliupeng/gin-tonic/helpers/list.go:101.22,102.32 1 0
github.com/webliupeng/gin-tonic/helpers/list.go:104.17,105.14 1 0
github.com/webliupeng/gin-tonic/helpers/list.go:108.18,109.15 1 0
github.com/webliupeng/gin-tonic/helpers/update.go:15.42,16.30 1 1
github.com/webliupeng/gin-tonic/helpers/update.go:16.30,19.52 2 1
github.com/webliupeng/gin-tonic/helpers/update.go:40.3,40.70 1 1
github.com/webliupeng/gin-tonic/helpers/update.go:19.52,26.31 5 1
github.com/webliupeng/gin-tonic/helpers/update.go:32.4,34.40 2 1
github.com/webliupeng/gin-tonic/helpers/update.go:26.31,27.24 1 2
github.com/webliupeng/gin-tonic/helpers/update.go:27.24,29.6 1 1
github.com/webliupeng/gin-tonic/helpers/update.go:36.9,38.4 1 0
github.com/webliupeng/gin-tonic/helpers/update.go:40.70,42.55 2 1
github.com/webliupeng/gin-tonic/helpers/update.go:42.55,44.5 1 1
github.com/webliupeng/gin-tonic/helpers/update.go:44.10,46.5 1 0
github.com/webliupeng/gin-tonic/helpers/update.go:47.9,49.4 1 0
github.com/webliupeng/gin-tonic/helpers/common.go:10.58,17.2 3 1
github.com/webliupeng/gin-tonic/helpers/create.go:13.67,14.30 1 1
github.com/webliupeng/gin-tonic/helpers/create.go:14.30,17.57 2 2
github.com/webliupeng/gin-tonic/helpers/create.go:17.57,18.60 1 1
github.com/webliupeng/gin-tonic/helpers/create.go:18.60,20.5 1 1
github.com/webliupeng/gin-tonic/helpers/create.go:20.10,22.5 1 0
github.com/webliupeng/gin-tonic/helpers/create.go:23.9,25.4 1 1
github.com/webliupeng/gin-tonic/helpers/crud.go:14.56,15.30 1 1
github.com/webliupeng/gin-tonic/helpers/crud.go:15.30,16.29 1 1
github.com/webliupeng/gin-tonic/helpers/crud.go:16.29,18.4 1 1
github.com/webliupeng/gin-tonic/helpers/crud.go:23.97,24.30 1 3
github.com/webliupeng/gin-tonic/helpers/crud.go:24.30,25.47 1 3
github.com/webliupeng/gin-tonic/helpers/crud.go:25.47,29.75 3 3
github.com/webliupeng/gin-tonic/helpers/crud.go:29.75,31.5 1 3
github.com/webliupeng/gin-tonic/helpers/crud.go:31.10,31.46 1 0
github.com/webliupeng/gin-tonic/helpers/crud.go:31.46,33.5 1 0
github.com/webliupeng/gin-tonic/helpers/crud.go:33.10,35.5 1 0
github.com/webliupeng/gin-tonic/helpers/crud.go:36.9,38.4 1 0
github.com/webliupeng/gin-tonic/helpers/crud.go:43.62,44.30 1 1
github.com/webliupeng/gin-tonic/helpers/crud.go:44.30,47.32 2 2
github.com/webliupeng/gin-tonic/helpers/crud.go:53.3,53.12 1 0
github.com/webliupeng/gin-tonic/helpers/crud.go:47.32,48.18 1 2
github.com/webliupeng/gin-tonic/helpers/crud.go:48.18,51.5 2 2
github.com/webliupeng/gin-tonic/helpers/crud.go:53.12,55.4 1 0
