mode: set
github.com/webliupeng/gin-tonic/utils/common.go:7.38,11.2 2 1
github.com/webliupeng/gin-tonic/utils/config.go:42.53,45.2 2 1
github.com/webliupeng/gin-tonic/utils/config.go:47.25,54.21 4 1
github.com/webliupeng/gin-tonic/utils/config.go:58.2,58.15 1 1
github.com/webliupeng/gin-tonic/utils/config.go:62.2,63.55 2 1
github.com/webliupeng/gin-tonic/utils/config.go:71.2,71.12 1 1
github.com/webliupeng/gin-tonic/utils/config.go:54.21,56.3 1 1
github.com/webliupeng/gin-tonic/utils/config.go:58.15,60.3 1 1
github.com/webliupeng/gin-tonic/utils/config.go:63.55,64.49 1 0
github.com/webliupeng/gin-tonic/utils/config.go:64.49,66.4 1 0
github.com/webliupeng/gin-tonic/utils/config.go:67.8,69.3 1 1
github.com/webliupeng/gin-tonic/utils/redis.go:13.13,19.43 4 1
github.com/webliupeng/gin-tonic/utils/redis.go:23.2,23.43 1 1
github.com/webliupeng/gin-tonic/utils/redis.go:27.2,27.41 1 1
github.com/webliupeng/gin-tonic/utils/redis.go:35.2,41.38 3 1
github.com/webliupeng/gin-tonic/utils/redis.go:45.2,47.50 2 1
github.com/webliupeng/gin-tonic/utils/redis.go:53.2,53.16 1 1
github.com/webliupeng/gin-tonic/utils/redis.go:19.43,21.3 1 0
github.com/webliupeng/gin-tonic/utils/redis.go:23.43,25.3 1 0
github.com/webliupeng/gin-tonic/utils/redis.go:27.41,29.17 2 0
github.com/webliupeng/gin-tonic/utils/redis.go:32.3,32.11 1 0
github.com/webliupeng/gin-tonic/utils/redis.go:29.17,30.14 1 0
github.com/webliupeng/gin-tonic/utils/redis.go:41.38,43.3 1 0
github.com/webliupeng/gin-tonic/utils/redis.go:47.50,49.3 1 1
github.com/webliupeng/gin-tonic/utils/redis.go:49.8,51.3 1 0
